<?xml version="1.0" encoding="UTF-8" ?>
<testsuite tests="4" failures="0" name="co.edu.eafit.protoapp.tests.TestCalculadora" time="0.002" errors="0" skipped="0">
  <properties>
[...]
</properties>
  <testcase classname="co.edu.eafit.protoapp.tests.TestCalculadora" name="testUno" time="0.002"/>
  <testcase classname="co.edu.eafit.protoapp.tests.TestCalculadora" name="testCero" time="0"/>
  <testcase classname="co.edu.eafit.protoapp.tests.TestCalculadora" name="testCuadrado" time="0"/>
  <testcase classname="co.edu.eafit.protoapp.tests.TestCalculadora" name="testNegativo" time="0"/>
</testsuite>